#
# A fatal error has been detected by the Java Runtime Environment:
#
#  SIGSEGV (0xb) at pc=0x00007f50bb9e2401, pid=366, tid=429
#
# JRE version: OpenJDK Runtime Environment (11.0.7+10) (build 11.0.7+10-post-Ubuntu-2ubuntu218.04)
# Java VM: OpenJDK 64-Bit Server VM (11.0.7+10-post-Ubuntu-2ubuntu218.04, mixed mode, sharing, tiered, compressed oops, serial gc, linux-amd64)
# Problematic frame:
# C  [libjimage.so+0x2401]
#
# Core dump will be written. Default location: Core dumps may be processed with "/usr/share/apport/apport %p %s %c %d %P %E" (or dumping to /home/runner/JavaFinal/core.366)
#
# If you would like to submit a bug report, please visit:
#   https://bugs.launchpad.net/ubuntu/+source/openjdk-lts
#

---------------  S U M M A R Y ------------

Command Line: Main

Host: Intel(R) Xeon(R) CPU @ 2.30GHz, 4 cores, 512M, Ubuntu 18.04.4 LTS
Time: Mon May  4 21:44:09 2020 UTC elapsed time: 46 seconds (0d 0h 0m 46s)

---------------  T H R E A D  ---------------

Current thread (0x00007f5050001000):  JavaThread "XToolkt-Shutdown-Thread" [_thread_in_vm, id=429, stack(0x00007f5078d2e000,0x00007f5078e2f000)]

Stack: [0x00007f5078d2e000,0x00007f5078e2f000],  sp=0x00007f5078e2c060,  free space=1016k
Native frames: (J=compiled Java code, A=aot compiled Java code, j=interpreted, Vv=VM code, C=native code)
C  [libjimage.so+0x2401]
C  [libjimage.so+0x30ea]
C  [libjimage.so+0x35c6]  JIMAGE_FindResource+0xd6
V  [libjvm.so+0x59105e]
V  [libjvm.so+0x593dc0]
V  [libjvm.so+0xd503b5]
V  [libjvm.so+0xd4dd4a]
V  [libjvm.so+0xd50942]
V  [libjvm.so+0x646dd7]
V  [libjvm.so+0xa3bb7a]
V  [libjvm.so+0x843946]
V  [libjvm.so+0x84483d]
j  sun.awt.X11.XToolkit.lambda$init$0()V+0 java.desktop@11.0.7
j  sun.awt.X11.XToolkit$$Lambda$10.run()V+4 java.desktop@11.0.7
j  java.lang.Thread.run()V+11 java.base@11.0.7
v  ~StubRoutines::call_stub
V  [libjvm.so+0x84e319]
V  [libjvm.so+0x84c45d]
V  [libjvm.so+0x8f62ec]
V  [libjvm.so+0xd8918f]
V  [libjvm.so+0xd85acf]
V  [libjvm.so+0xbd59de]

Java frames: (J=compiled Java code, j=interpreted, Vv=VM code)
j  sun.awt.X11.XToolkit.lambda$init$0()V+0 java.desktop@11.0.7
j  sun.awt.X11.XToolkit$$Lambda$10.run()V+4 java.desktop@11.0.7
j  java.lang.Thread.run()V+11 java.base@11.0.7
v  ~StubRoutines::call_stub

siginfo: si_signo: 11 (SIGSEGV), si_code: 1 (SEGV_MAPERR), si_addr: 0x00007f50b32ffcf8

Register to memory mapping:

RAX=0x0000000000004b37 is an unknown value
RBX=0x00007f5078e2c111 is pointing into the stack for thread: 0x00007f5050001000
RCX=0x00007f50b32ed01c is an unknown value
RDX=0x0000000000004b37 is an unknown value
RSP=0x00007f5078e2c060 is pointing into the stack for thread: 0x00007f5050001000
RBP=0x00007f5078e2c080 is pointing into the stack for thread: 0x00007f5050001000
RSI=0x00007f5078e2c110 is pointing into the stack for thread: 0x00007f5050001000
RDI=0x00007f50bbbe5130: <offset 0x0000000000205130> in /usr/lib/jvm/java-11-openjdk-amd64/lib/libjimage.so at 0x00007f50bb9e0000
R8 =0x0 is NULL
R9 =0x00000000ca0d71f0 is an unknown value
R10=0x00007f5078e2c134 is pointing into the stack for thread: 0x00007f5050001000
R11=0x00007f50c25d23fd: <offset 0x0000000000eb23fd> in /usr/lib/jvm/java-11-openjdk-amd64/lib/server/libjvm.so at 0x00007f50c1720000
R12=0x00007f5078e2c110 is pointing into the stack for thread: 0x00007f5050001000
R13=0x00000000000083ac is an unknown value
R14=0x00007f5078e2d1a8 is pointing into the stack for thread: 0x00007f5050001000
R15=0x00007f5084282990 points into unknown readable memory: 73 75 6e 2f 61 77 74 2f


Registers:
RAX=0x0000000000004b37, RBX=0x00007f5078e2c111, RCX=0x00007f50b32ed01c, RDX=0x0000000000004b37
RSP=0x00007f5078e2c060, RBP=0x00007f5078e2c080, RSI=0x00007f5078e2c110, RDI=0x00007f50bbbe5130
R8 =0x0000000000000000, R9 =0x00000000ca0d71f0, R10=0x00007f5078e2c134, R11=0x00007f50c25d23fd
R12=0x00007f5078e2c110, R13=0x00000000000083ac, R14=0x00007f5078e2d1a8, R15=0x00007f5084282990
RIP=0x00007f50bb9e2401, EFLAGS=0x0000000000010246, CSGSFS=0x002b000000000033, ERR=0x0000000000000004
  TRAPNO=0x000000000000000e

Top of Stack: (sp=0x00007f5078e2c060)
0x00007f5078e2c060:   0000000000000000 00007f50bc0226f0
0x00007f5078e2c070:   0000000000000000 00007f5078e2c110
0x00007f5078e2c080:   00007f5078e2c0f0 00007f50bb9e30ea
0x00007f5078e2c090:   0000000000000000 0000000000000000 

Instructions: (pc=0x00007f50bb9e2401)
0x00007f50bb9e2301:   c5 4c 01 e3 48 89 ce e8 d3 f3 ff ff e9 69 fd ff
0x00007f50bb9e2311:   ff 89 d1 0f b7 74 08 fe 66 41 89 74 0e fe e9 7a
0x00007f50bb9e2321:   fe ff ff 0f 1f 40 00 8b 08 49 8d 1c 16 41 89 0e
0x00007f50bb9e2331:   89 d1 8b 74 08 fc 41 89 74 0e fc 48 8d 34 10 48
0x00007f50bb9e2341:   89 75 b8 e9 0b fe ff ff 0f 1f 80 00 00 00 00 0f
0x00007f50bb9e2351:   b6 17 55 89 f0 48 89 e5 84 d2 74 22 48 8d 4f 01
0x00007f50bb9e2361:   0f 1f 80 00 00 00 00 48 83 c1 01 0f b6 f2 0f b6
0x00007f50bb9e2371:   51 ff 69 c0 93 01 00 01 31 f0 84 d2 75 e9 25 ff
0x00007f50bb9e2381:   ff ff 7f 5d c3 66 2e 0f 1f 84 00 00 00 00 00 48
0x00007f50bb9e2391:   85 d2 0f 84 dd 00 00 00 85 c9 0f 84 d5 00 00 00
0x00007f50bb9e23a1:   55 48 89 e5 41 55 41 54 53 48 8d 5e 01 48 83 ec
0x00007f50bb9e23b1:   08 44 0f b6 06 45 84 c0 0f 84 a9 00 00 00 49 89
0x00007f50bb9e23c1:   da b8 93 01 00 01 66 0f 1f 84 00 00 00 00 00 49
0x00007f50bb9e23d1:   83 c2 01 44 69 c8 93 01 00 01 41 0f b6 c0 45 0f
0x00007f50bb9e23e1:   b6 42 ff 44 31 c8 45 84 c0 75 e4 25 ff ff ff 7f
0x00007f50bb9e23f1:   41 89 cd 48 89 d1 31 d2 41 f7 f5 49 89 f4 89 d0
0x00007f50bb9e2401:   8b 34 81 48 8b 07 ff 50 20 83 f8 00 7e 41 41 0f
0x00007f50bb9e2411:   b6 14 24 84 d2 74 1c 0f 1f 84 00 00 00 00 00 69
0x00007f50bb9e2421:   c0 93 01 00 01 48 83 c3 01 31 d0 0f b6 53 ff 84
0x00007f50bb9e2431:   d2 75 ec 25 ff ff ff 7f 31 d2 41 f7 f5 48 83 c4
0x00007f50bb9e2441:   08 89 d0 5b 41 5c 41 5d 5d c3 0f 1f 44 00 00 74
0x00007f50bb9e2451:   1d f7 d0 48 83 c4 08 89 c2 5b 89 d0 41 5c 41 5d
0x00007f50bb9e2461:   5d c3 0f 1f 44 00 00 b8 93 01 00 01 eb 82 ba ff
0x00007f50bb9e2471:   ff ff ff eb c8 83 ca ff 89 d0 c3 0f 1f 40 00 0f
0x00007f50bb9e2481:   b6 17 55 48 89 f8 48 89 e5 84 d2 75 15 eb 1a 38
0x00007f50bb9e2491:   ca 75 1c 48 83 c0 01 0f b6 10 48 83 c6 01 84 d2
0x00007f50bb9e24a1:   74 07 0f b6 0e 84 c9 75 e6 5d c3 0f 1f 40 00 31
0x00007f50bb9e24b1:   c0 5d c3 66 90 66 2e 0f 1f 84 00 00 00 00 00 55
0x00007f50bb9e24c1:   48 85 f6 48 89 e5 74 57 0f 1f 80 00 00 00 00 0f
0x00007f50bb9e24d1:   b6 06 84 c0 74 49 0f b6 d0 83 e0 07 c1 fa 03 44
0x00007f50bb9e24e1:   8d 50 01 0f b6 c0 41 89 d1 48 8d 56 01 4c 8d 44
0x00007f50bb9e24f1:   06 02 31 c0 0f 1f 00 0f b6 0a 48 c1 e0 08 48 83 


Stack slot to memory mapping:
stack at sp + 0 slots: 0x0 is NULL
stack at sp + 1 slots: 0x00007f50bc0226f0 points into unknown readable memory: 20 19 00 5c 50 7f 00 00
stack at sp + 2 slots: 0x0 is NULL
stack at sp + 3 slots: 0x00007f5078e2c110 is pointing into the stack for thread: 0x00007f5050001000
stack at sp + 4 slots: 0x00007f5078e2c0f0 is pointing into the stack for thread: 0x00007f5050001000
stack at sp + 5 slots: 0x00007f50bb9e30ea: <offset 0x00000000000030ea> in /usr/lib/jvm/java-11-openjdk-amd64/lib/libjimage.so at 0x00007f50bb9e0000
stack at sp + 6 slots: 0x0 is NULL
stack at sp + 7 slots: 0x0 is NULL


---------------  P R O C E S S  ---------------

Threads class SMR info:
_java_thread_list=0x00007f5050002b40, length=16, elements={
0x00007f50bc050800, 0x00007f50bc052800, 0x00007f50bc059000, 0x00007f50bc05b000,
0x00007f50bc05d000, 0x00007f50bc05f000, 0x00007f50bc09a000, 0x00007f50bc0a3000,
0x00007f50bc1c9800, 0x00007f50bc1fd000, 0x00007f50bc346000, 0x00007f50bc328800,
0x00007f50bc32a800, 0x00007f50bc015800, 0x00007f508c001000, 0x00007f5050001000
}

Java Threads: ( => current thread )
  0x00007f50bc050800 JavaThread "Reference Handler" daemon [_thread_blocked, id=369, stack(0x00007f50a377e000,0x00007f50a387f000)]
  0x00007f50bc052800 JavaThread "Finalizer" daemon [_thread_blocked, id=370, stack(0x00007f50a367d000,0x00007f50a377e000)]
  0x00007f50bc059000 JavaThread "Signal Dispatcher" daemon [_thread_blocked, id=371, stack(0x00007f50a33e1000,0x00007f50a34e2000)]
  0x00007f50bc05b000 JavaThread "C2 CompilerThread0" daemon [_thread_blocked, id=372, stack(0x00007f50a32e0000,0x00007f50a33e1000)]
  0x00007f50bc05d000 JavaThread "C1 CompilerThread0" daemon [_thread_blocked, id=373, stack(0x00007f50a31df000,0x00007f50a32e0000)]
  0x00007f50bc05f000 JavaThread "Sweeper thread" daemon [_thread_blocked, id=374, stack(0x00007f50a30de000,0x00007f50a31df000)]
  0x00007f50bc09a000 JavaThread "Service Thread" daemon [_thread_blocked, id=375, stack(0x00007f50a2fdd000,0x00007f50a30de000)]
  0x00007f50bc0a3000 JavaThread "Common-Cleaner" daemon [_thread_blocked, id=377, stack(0x00007f50a2dda000,0x00007f50a2edb000)]
  0x00007f50bc1c9800 JavaThread "Java2D Disposer" daemon [_thread_blocked, id=423, stack(0x00007f5079870000,0x00007f5079971000)]
  0x00007f50bc1fd000 JavaThread "AWT-XAWT" daemon [_thread_blocked, id=424, stack(0x00007f507935f000,0x00007f5079460000)]
  0x00007f50bc346000 JavaThread "AWT-Shutdown" [_thread_blocked, id=425, stack(0x00007f507925e000,0x00007f507935f000)]
  0x00007f50bc328800 JavaThread "AWT-EventQueue-0" [_thread_blocked, id=426, stack(0x00007f507915d000,0x00007f507925e000)]
  0x00007f50bc32a800 JavaThread "Thread-0" [_thread_in_native, id=427, stack(0x00007f507905c000,0x00007f507915d000)]
  0x00007f50bc015800 JavaThread "DestroyJavaVM" [_thread_blocked, id=367, stack(0x00007f50c388f000,0x00007f50c3990000)]
  0x00007f508c001000 JavaThread "SIGTERM handler" daemon [_thread_blocked, id=428, stack(0x00007f5078e2f000,0x00007f5078f30000)]
=>0x00007f5050001000 JavaThread "XToolkt-Shutdown-Thread" [_thread_in_vm, id=429, stack(0x00007f5078d2e000,0x00007f5078e2f000)]

Other Threads:
  0x00007f50bc04d800 VMThread "VM Thread" [stack: 0x00007f50a3881000,0x00007f50a3981000] [id=368]
  0x00007f50bc09c000 WatcherThread [stack: 0x00007f50a2edd000,0x00007f50a2fdd000] [id=376]

Threads with active compile tasks:

VM state:not at safepoint (normal execution)

VM Mutex/Monitor currently owned by a thread: None

Heap address: 0x00000000f8000000, size: 128 MB, Compressed Oops mode: 32-bit
Narrow klass base: 0x0000000800000000, Narrow klass shift: 3
Compressed class space size: 1073741824 Address: 0x0000000840000000

Heap:
 def new generation   total 2432K, used 1447K [0x00000000f8000000, 0x00000000f82a0000, 0x00000000faaa0000)
  eden space 2176K,  60% used [0x00000000f8000000, 0x00000000f814b1e8, 0x00000000f8220000)
  from space 256K,  48% used [0x00000000f8220000, 0x00000000f823ecd0, 0x00000000f8260000)
  to   space 256K,   0% used [0x00000000f8260000, 0x00000000f8260000, 0x00000000f82a0000)
 tenured generation   total 5504K, used 3144K [0x00000000faaa0000, 0x00000000fb000000, 0x0000000100000000)
   the space 5504K,  57% used [0x00000000faaa0000, 0x00000000fadb2220, 0x00000000fadb2400, 0x00000000fb000000)
 Metaspace       used 7467K, capacity 7847K, committed 7936K, reserved 1056768K
  class space    used 790K, capacity 993K, committed 1024K, reserved 1048576K

Card table byte_map: [0x00007f50c384e000,0x00007f50c388f000] _byte_map_base: 0x00007f50c308e000

Polling page: 0x00007f50c39a9000

Metaspace:

Usage:
  Non-class:      6.69 MB capacity,     6.52 MB ( 97%) used,   143.02 KB (  2%) free+waste,    33.50 KB ( <1%) overhead. 
      Class:    993.00 KB capacity,   790.20 KB ( 80%) used,   182.43 KB ( 18%) free+waste,    20.38 KB (  2%) overhead. 
       Both:      7.66 MB capacity,     7.29 MB ( 95%) used,   325.45 KB (  4%) free+waste,    53.88 KB ( <1%) overhead. 

Virtual space:
  Non-class space:        8.00 MB reserved,       6.75 MB ( 84%) committed 
      Class space:        1.00 GB reserved,       1.00 MB ( <1%) committed 
             Both:        1.01 GB reserved,       7.75 MB ( <1%) committed 

Chunk freelists:
   Non-Class:  50.00 KB
       Class:  31.00 KB
        Both:  81.00 KB

MaxMetaspaceSize: unlimited
CompressedClassSpaceSize: 1.00 GB

CodeHeap 'non-profiled nmethods': size=120036Kb used=435Kb max_used=435Kb free=119600Kb
 bounds [0x00007f50abdb4000, 0x00007f50ac024000, 0x00007f50b32ed000]
CodeHeap 'profiled nmethods': size=120032Kb used=1731Kb max_used=1731Kb free=118300Kb
 bounds [0x00007f50a487c000, 0x00007f50a4aec000, 0x00007f50abdb4000]
CodeHeap 'non-nmethods': size=5692Kb used=1203Kb max_used=1235Kb free=4488Kb
 bounds [0x00007f50a42ed000, 0x00007f50a455d000, 0x00007f50a487c000]
 total_blobs=1877 nmethods=1033 adapters=490
 compilation: enabled
              stopped_count=0, restarted_count=0
 full_count=0

Compilation events (20 events):
Event: 42.292 Thread 0x00007f50bc05d000 1048   !   3       sun.awt.X11.XComponentPeer::isEnabled (19 bytes)
Event: 42.292 Thread 0x00007f50bc05d000 nmethod 1048 0x00007f50a4a29110 code [0x00007f50a4a292c0, 0x00007f50a4a296b0]
Event: 42.305 Thread 0x00007f50bc05d000 1049       1       java.awt.event.InputEvent::getWhen (5 bytes)
Event: 42.305 Thread 0x00007f50bc05d000 nmethod 1049 0x00007f50abe20390 code [0x00007f50abe20540, 0x00007f50abe20670]
Event: 42.509 Thread 0x00007f50bc05d000 1050       3       java.awt.Container::getChildAt (54 bytes)
Event: 42.510 Thread 0x00007f50bc05d000 nmethod 1050 0x00007f50a4a29790 code [0x00007f50a4a29980, 0x00007f50a4a29f38]
Event: 43.886 Thread 0x00007f50bc05d000 1051       3       java.awt.EventQueue::getNextEventPrivate (76 bytes)
Event: 43.887 Thread 0x00007f50bc05d000 nmethod 1051 0x00007f50a4a2a090 code [0x00007f50a4a2a260, 0x00007f50a4a2a5c8]
Event: 44.114 Thread 0x00007f50bc05d000 1052       3       java.util.HashSet::contains (9 bytes)
Event: 44.114 Thread 0x00007f50bc05d000 nmethod 1052 0x00007f50a4a2a710 code [0x00007f50a4a2a900, 0x00007f50a4a2adb8]
Event: 44.919 Thread 0x00007f50bc05d000 1054  s    3       java.util.Hashtable::get (69 bytes)
Event: 44.920 Thread 0x00007f50bc05d000 nmethod 1054 0x00007f50a4a2af10 code [0x00007f50a4a2b100, 0x00007f50a4a2b798]
Event: 44.920 Thread 0x00007f50bc05d000 1053       3       java.awt.AWTKeyStroke::hashCode (36 bytes)
Event: 44.921 Thread 0x00007f50bc05d000 nmethod 1053 0x00007f50a4a2b990 code [0x00007f50a4a2bb40, 0x00007f50a4a2bd30]
Event: 45.502 Thread 0x00007f50bc05b000 1055   !   4       sun.awt.X11.XToolkit::callTimeoutTasks (220 bytes)
Event: 45.503 Thread 0x00007f50bc05d000 1056       1       java.awt.event.KeyEvent::getKeyCode (5 bytes)
Event: 45.503 Thread 0x00007f50bc05d000 nmethod 1056 0x00007f50abe20710 code [0x00007f50abe208c0, 0x00007f50abe209f0]
Event: 45.504 Thread 0x00007f50bc05b000 nmethod 1055 0x00007f50abe20a90 code [0x00007f50abe20c40, 0x00007f50abe20d28]
Event: 45.905 Thread 0x00007f50bc05d000 1057   !   3       sun.awt.X11.XToolkit::getNumberOfButtons (86 bytes)
Event: 45.908 Thread 0x00007f50bc05d000 nmethod 1057 0x00007f50a4a2bd90 code [0x00007f50a4a2c020, 0x00007f50a4a2cba8]

GC Heap History (20 events):
Event: 8.106 GC heap before
{Heap before GC invocations=2 (full 0):
 def new generation   total 2432K, used 2276K [0x00000000f8000000, 0x00000000f82a0000, 0x00000000faaa0000)
  eden space 2176K,  92% used [0x00000000f8000000, 0x00000000f81f9050, 0x00000000f8220000)
  from space 256K, 100% used [0x00000000f8220000, 0x00000000f8260000, 0x00000000f8260000)
  to   space 256K,   0% used [0x00000000f8260000, 0x00000000f8260000, 0x00000000f82a0000)
 tenured generation   total 5504K, used 1143K [0x00000000faaa0000, 0x00000000fb000000, 0x0000000100000000)
   the space 5504K,  20% used [0x00000000faaa0000, 0x00000000fabbdeb8, 0x00000000fabbe000, 0x00000000fb000000)
 Metaspace       used 5121K, capacity 5447K, committed 5632K, reserved 1056768K
  class space    used 565K, capacity 747K, committed 768K, reserved 1048576K
}
Event: 8.109 GC heap after
{Heap after GC invocations=3 (full 0):
 def new generation   total 2432K, used 256K [0x00000000f8000000, 0x00000000f82a0000, 0x00000000faaa0000)
  eden space 2176K,   0% used [0x00000000f8000000, 0x00000000f8000000, 0x00000000f8220000)
  from space 256K, 100% used [0x00000000f8260000, 0x00000000f82a0000, 0x00000000f82a0000)
  to   space 256K,   0% used [0x00000000f8220000, 0x00000000f8220000, 0x00000000f8260000)
 tenured generation   total 5504K, used 1504K [0x00000000faaa0000, 0x00000000fb000000, 0x0000000100000000)
   the space 5504K,  27% used [0x00000000faaa0000, 0x00000000fac18068, 0x00000000fac18200, 0x00000000fb000000)
 Metaspace       used 5121K, capacity 5447K, committed 5632K, reserved 1056768K
  class space    used 565K, capacity 747K, committed 768K, reserved 1048576K
}
Event: 9.501 GC heap before
{Heap before GC invocations=3 (full 0):
 def new generation   total 2432K, used 2431K [0x00000000f8000000, 0x00000000f82a0000, 0x00000000faaa0000)
  eden space 2176K,  99% used [0x00000000f8000000, 0x00000000f821ffe8, 0x00000000f8220000)
  from space 256K, 100% used [0x00000000f8260000, 0x00000000f82a0000, 0x00000000f82a0000)
  to   space 256K,   0% used [0x00000000f8220000, 0x00000000f8220000, 0x00000000f8260000)
 tenured generation   total 5504K, used 1504K [0x00000000faaa0000, 0x00000000fb000000, 0x0000000100000000)
   the space 5504K,  27% used [0x00000000faaa0000, 0x00000000fac18068, 0x00000000fac18200, 0x00000000fb000000)
 Metaspace       used 7120K, capacity 7494K, committed 7680K, reserved 1056768K
  class space    used 772K, capacity 961K, committed 1024K, reserved 1048576K
}
Event: 9.506 GC heap after
{Heap after GC invocations=4 (full 0):
 def new generation   total 2432K, used 191K [0x00000000f8000000, 0x00000000f82a0000, 0x00000000faaa0000)
  eden space 2176K,   0% used [0x00000000f8000000, 0x00000000f8000000, 0x00000000f8220000)
  from space 256K,  74% used [0x00000000f8220000, 0x00000000f824fce8, 0x00000000f8260000)
  to   space 256K,   0% used [0x00000000f8260000, 0x00000000f8260000, 0x00000000f82a0000)
 tenured generation   total 5504K, used 2955K [0x00000000faaa0000, 0x00000000fb000000, 0x0000000100000000)
   the space 5504K,  53% used [0x00000000faaa0000, 0x00000000fad82db0, 0x00000000fad82e00, 0x00000000fb000000)
 Metaspace       used 7120K, capacity 7494K, committed 7680K, reserved 1056768K
  class space    used 772K, capacity 961K, committed 1024K, reserved 1048576K
}
Event: 13.086 GC heap before
{Heap before GC invocations=4 (full 0):
 def new generation   total 2432K, used 2367K [0x00000000f8000000, 0x00000000f82a0000, 0x00000000faaa0000)
  eden space 2176K, 100% used [0x00000000f8000000, 0x00000000f8220000, 0x00000000f8220000)
  from space 256K,  74% used [0x00000000f8220000, 0x00000000f824fce8, 0x00000000f8260000)
  to   space 256K,   0% used [0x00000000f8260000, 0x00000000f8260000, 0x00000000f82a0000)
 tenured generation   total 5504K, used 2955K [0x00000000faaa0000, 0x00000000fb000000, 0x0000000100000000)
   the space 5504K,  53% used [0x00000000faaa0000, 0x00000000fad82db0, 0x00000000fad82e00, 0x00000000fb000000)
 Metaspace       used 7177K, capacity 7558K, committed 7680K, reserved 1056768K
  class space    used 772K, capacity 961K, committed 1024K, reserved 1048576K
}
Event: 13.087 GC heap after
{Heap after GC invocations=5 (full 0):
 def new generation   total 2432K, used 2K [0x00000000f8000000, 0x00000000f82a0000, 0x00000000faaa0000)
  eden space 2176K,   0% used [0x00000000f8000000, 0x00000000f8000000, 0x00000000f8220000)
  from space 256K,   1% used [0x00000000f8260000, 0x00000000f8260bd0, 0x00000000f82a0000)
  to   space 256K,   0% used [0x00000000f8220000, 0x00000000f8220000, 0x00000000f8260000)
 tenured generation   total 5504K, used 3144K [0x00000000faaa0000, 0x00000000fb000000, 0x0000000100000000)
   the space 5504K,  57% used [0x00000000faaa0000, 0x00000000fadb2220, 0x00000000fadb2400, 0x00000000fb000000)
 Metaspace       used 7177K, capacity 7558K, committed 7680K, reserved 1056768K
  class space    used 772K, capacity 961K, committed 1024K, reserved 1048576K
}
Event: 17.296 GC heap before
{Heap before GC invocations=5 (full 0):
 def new generation   total 2432K, used 2178K [0x00000000f8000000, 0x00000000f82a0000, 0x00000000faaa0000)
  eden space 2176K, 100% used [0x00000000f8000000, 0x00000000f8220000, 0x00000000f8220000)
  from space 256K,   1% used [0x00000000f8260000, 0x00000000f8260bd0, 0x00000000f82a0000)
  to   space 256K,   0% used [0x00000000f8220000, 0x00000000f8220000, 0x00000000f8260000)
 tenured generation   total 5504K, used 3144K [0x00000000faaa0000, 0x00000000fb000000, 0x0000000100000000)
   the space 5504K,  57% used [0x00000000faaa0000, 0x00000000fadb2220, 0x00000000fadb2400, 0x00000000fb000000)
 Metaspace       used 7224K, capacity 7558K, committed 7680K, reserved 1056768K
  class space    used 774K, capacity 961K, committed 1024K, reserved 1048576K
}
Event: 17.296 GC heap after
{Heap after GC invocations=6 (full 0):
 def new generation   total 2432K, used 7K [0x00000000f8000000, 0x00000000f82a0000, 0x00000000faaa0000)
  eden space 2176K,   0% used [0x00000000f8000000, 0x00000000f8000000, 0x00000000f8220000)
  from space 256K,   3% used [0x00000000f8220000, 0x00000000f8221f40, 0x00000000f8260000)
  to   space 256K,   0% used [0x00000000f8260000, 0x00000000f8260000, 0x00000000f82a0000)
 tenured generation   total 5504K, used 3144K [0x00000000faaa0000, 0x00000000fb000000, 0x0000000100000000)
   the space 5504K,  57% used [0x00000000faaa0000, 0x00000000fadb2220, 0x00000000fadb2400, 0x00000000fb000000)
 Metaspace       used 7224K, capacity 7558K, committed 7680K, reserved 1056768K
  class space    used 774K, capacity 961K, committed 1024K, reserved 1048576K
}
Event: 23.090 GC heap before
{Heap before GC invocations=6 (full 0):
 def new generation   total 2432K, used 2183K [0x00000000f8000000, 0x00000000f82a0000, 0x00000000faaa0000)
  eden space 2176K, 100% used [0x00000000f8000000, 0x00000000f8220000, 0x00000000f8220000)
  from space 256K,   3% used [0x00000000f8220000, 0x00000000f8221f40, 0x00000000f8260000)
  to   space 256K,   0% used [0x00000000f8260000, 0x00000000f8260000, 0x00000000f82a0000)
 tenured generation   total 5504K, used 3144K [0x00000000faaa0000, 0x00000000fb000000, 0x0000000100000000)
   the space 5504K,  57% used [0x00000000faaa0000, 0x00000000fadb2220, 0x00000000fadb2400, 0x00000000fb000000)
 Metaspace       used 7239K, capacity 7559K, committed 7680K, reserved 1056768K
  class space    used 774K, capacity 961K, committed 1024K, reserved 1048576K
}
Event: 23.091 GC heap after
{Heap after GC invocations=7 (full 0):
 def new generation   total 2432K, used 16K [0x00000000f8000000, 0x00000000f82a0000, 0x00000000faaa0000)
  eden space 2176K,   0% used [0x00000000f8000000, 0x00000000f8000000, 0x00000000f8220000)
  from space 256K,   6% used [0x00000000f8260000, 0x00000000f82643d8, 0x00000000f82a0000)
  to   space 256K,   0% used [0x00000000f8220000, 0x00000000f8220000, 0x00000000f8260000)
 tenured generation   total 5504K, used 3144K [0x00000000faaa0000, 0x00000000fb000000, 0x0000000100000000)
   the space 5504K,  57% used [0x00000000faaa0000, 0x00000000fadb2220, 0x00000000fadb2400, 0x00000000fb000000)
 Metaspace       used 7239K, capacity 7559K, committed 7680K, reserved 1056768K
  class space    used 774K, capacity 961K, committed 1024K, reserved 1048576K
}
Event: 26.905 GC heap before
{Heap before GC invocations=7 (full 0):
 def new generation   total 2432K, used 2192K [0x00000000f8000000, 0x00000000f82a0000, 0x00000000faaa0000)
  eden space 2176K, 100% used [0x00000000f8000000, 0x00000000f8220000, 0x00000000f8220000)
  from space 256K,   6% used [0x00000000f8260000, 0x00000000f82643d8, 0x00000000f82a0000)
  to   space 256K,   0% used [0x00000000f8220000, 0x00000000f8220000, 0x00000000f8260000)
 tenured generation   total 5504K, used 3144K [0x00000000faaa0000, 0x00000000fb000000, 0x0000000100000000)
   the space 5504K,  57% used [0x00000000faaa0000, 0x00000000fadb2220, 0x00000000fadb2400, 0x00000000fb000000)
 Metaspace       used 7239K, capacity 7559K, committed 7680K, reserved 1056768K
  class space    used 774K, capacity 961K, committed 1024K, reserved 1048576K
}
Event: 26.905 GC heap after
{Heap after GC invocations=8 (full 0):
 def new generation   total 2432K, used 20K [0x00000000f8000000, 0x00000000f82a0000, 0x00000000faaa0000)
  eden space 2176K,   0% used [0x00000000f8000000, 0x00000000f8000000, 0x00000000f8220000)
  from space 256K,   7% used [0x00000000f8220000, 0x00000000f8225178, 0x00000000f8260000)
  to   space 256K,   0% used [0x00000000f8260000, 0x00000000f8260000, 0x00000000f82a0000)
 tenured generation   total 5504K, used 3144K [0x00000000faaa0000, 0x00000000fb000000, 0x0000000100000000)
   the space 5504K,  57% used [0x00000000faaa0000, 0x00000000fadb2220, 0x00000000fadb2400, 0x00000000fb000000)
 Metaspace       used 7239K, capacity 7559K, committed 7680K, reserved 1056768K
  class space    used 774K, capacity 961K, committed 1024K, reserved 1048576K
}
Event: 30.234 GC heap before
{Heap before GC invocations=8 (full 0):
 def new generation   total 2432K, used 2196K [0x00000000f8000000, 0x00000000f82a0000, 0x00000000faaa0000)
  eden space 2176K, 100% used [0x00000000f8000000, 0x00000000f8220000, 0x00000000f8220000)
  from space 256K,   7% used [0x00000000f8220000, 0x00000000f8225178, 0x00000000f8260000)
  to   space 256K,   0% used [0x00000000f8260000, 0x00000000f8260000, 0x00000000f82a0000)
 tenured generation   total 5504K, used 3144K [0x00000000faaa0000, 0x00000000fb000000, 0x0000000100000000)
   the space 5504K,  57% used [0x00000000faaa0000, 0x00000000fadb2220, 0x00000000fadb2400, 0x00000000fb000000)
 Metaspace       used 7253K, capacity 7623K, committed 7936K, reserved 1056768K
  class space    used 774K, capacity 961K, committed 1024K, reserved 1048576K
}
Event: 30.234 GC heap after
{Heap after GC invocations=9 (full 0):
 def new generation   total 2432K, used 20K [0x00000000f8000000, 0x00000000f82a0000, 0x00000000faaa0000)
  eden space 2176K,   0% used [0x00000000f8000000, 0x00000000f8000000, 0x00000000f8220000)
  from space 256K,   7% used [0x00000000f8260000, 0x00000000f8265068, 0x00000000f82a0000)
  to   space 256K,   0% used [0x00000000f8220000, 0x00000000f8220000, 0x00000000f8260000)
 tenured generation   total 5504K, used 3144K [0x00000000faaa0000, 0x00000000fb000000, 0x0000000100000000)
   the space 5504K,  57% used [0x00000000faaa0000, 0x00000000fadb2220, 0x00000000fadb2400, 0x00000000fb000000)
 Metaspace       used 7253K, capacity 7623K, committed 7936K, reserved 1056768K
  class space    used 774K, capacity 961K, committed 1024K, reserved 1048576K
}
Event: 37.813 GC heap before
{Heap before GC invocations=9 (full 0):
 def new generation   total 2432K, used 2196K [0x00000000f8000000, 0x00000000f82a0000, 0x00000000faaa0000)
  eden space 2176K, 100% used [0x00000000f8000000, 0x00000000f8220000, 0x00000000f8220000)
  from space 256K,   7% used [0x00000000f8260000, 0x00000000f8265068, 0x00000000f82a0000)
  to   space 256K,   0% used [0x00000000f8220000, 0x00000000f8220000, 0x00000000f8260000)
 tenured generation   total 5504K, used 3144K [0x00000000faaa0000, 0x00000000fb000000, 0x0000000100000000)
   the space 5504K,  57% used [0x00000000faaa0000, 0x00000000fadb2220, 0x00000000fadb2400, 0x00000000fb000000)
 Metaspace       used 7275K, capacity 7623K, committed 7936K, reserved 1056768K
  class space    used 774K, capacity 961K, committed 1024K, reserved 1048576K
}
Event: 37.814 GC heap after
{Heap after GC invocations=10 (full 0):
 def new generation   total 2432K, used 20K [0x00000000f8000000, 0x00000000f82a0000, 0x00000000faaa0000)
  eden space 2176K,   0% used [0x00000000f8000000, 0x00000000f8000000, 0x00000000f8220000)
  from space 256K,   8% used [0x00000000f8220000, 0x00000000f8225218, 0x00000000f8260000)
  to   space 256K,   0% used [0x00000000f8260000, 0x00000000f8260000, 0x00000000f82a0000)
 tenured generation   total 5504K, used 3144K [0x00000000faaa0000, 0x00000000fb000000, 0x0000000100000000)
   the space 5504K,  57% used [0x00000000faaa0000, 0x00000000fadb2220, 0x00000000fadb2400, 0x00000000fb000000)
 Metaspace       used 7275K, capacity 7623K, committed 7936K, reserved 1056768K
  class space    used 774K, capacity 961K, committed 1024K, reserved 1048576K
}
Event: 41.020 GC heap before
{Heap before GC invocations=10 (full 0):
 def new generation   total 2432K, used 2196K [0x00000000f8000000, 0x00000000f82a0000, 0x00000000faaa0000)
  eden space 2176K,  99% used [0x00000000f8000000, 0x00000000f821ffe8, 0x00000000f8220000)
  from space 256K,   8% used [0x00000000f8220000, 0x00000000f8225218, 0x00000000f8260000)
  to   space 256K,   0% used [0x00000000f8260000, 0x00000000f8260000, 0x00000000f82a0000)
 tenured generation   total 5504K, used 3144K [0x00000000faaa0000, 0x00000000fb000000, 0x0000000100000000)
   the space 5504K,  57% used [0x00000000faaa0000, 0x00000000fadb2220, 0x00000000fadb2400, 0x00000000fb000000)
 Metaspace       used 7457K, capacity 7847K, committed 7936K, reserved 1056768K
  class space    used 789K, capacity 993K, committed 1024K, reserved 1048576K
}
Event: 41.021 GC heap after
{Heap after GC invocations=11 (full 0):
 def new generation   total 2432K, used 122K [0x00000000f8000000, 0x00000000f82a0000, 0x00000000faaa0000)
  eden space 2176K,   0% used [0x00000000f8000000, 0x00000000f8000000, 0x00000000f8220000)
  from space 256K,  47% used [0x00000000f8260000, 0x00000000f827ea58, 0x00000000f82a0000)
  to   space 256K,   0% used [0x00000000f8220000, 0x00000000f8220000, 0x00000000f8260000)
 tenured generation   total 5504K, used 3144K [0x00000000faaa0000, 0x00000000fb000000, 0x0000000100000000)
   the space 5504K,  57% used [0x00000000faaa0000, 0x00000000fadb2220, 0x00000000fadb2400, 0x00000000fb000000)
 Metaspace       used 7457K, capacity 7847K, committed 7936K, reserved 1056768K
  class space    used 789K, capacity 993K, committed 1024K, reserved 1048576K
}
Event: 44.398 GC heap before
{Heap before GC invocations=11 (full 0):
 def new generation   total 2432K, used 2298K [0x00000000f8000000, 0x00000000f82a0000, 0x00000000faaa0000)
  eden space 2176K, 100% used [0x00000000f8000000, 0x00000000f8220000, 0x00000000f8220000)
  from space 256K,  47% used [0x00000000f8260000, 0x00000000f827ea58, 0x00000000f82a0000)
  to   space 256K,   0% used [0x00000000f8220000, 0x00000000f8220000, 0x00000000f8260000)
 tenured generation   total 5504K, used 3144K [0x00000000faaa0000, 0x00000000fb000000, 0x0000000100000000)
   the space 5504K,  57% used [0x00000000faaa0000, 0x00000000fadb2220, 0x00000000fadb2400, 0x00000000fb000000)
 Metaspace       used 7462K, capacity 7847K, committed 7936K, reserved 1056768K
  class space    used 789K, capacity 993K, committed 1024K, reserved 1048576K
}
Event: 44.399 GC heap after
{Heap after GC invocations=12 (full 0):
 def new generation   total 2432K, used 123K [0x00000000f8000000, 0x00000000f82a0000, 0x00000000faaa0000)
  eden space 2176K,   0% used [0x00000000f8000000, 0x00000000f8000000, 0x00000000f8220000)
  from space 256K,  48% used [0x00000000f8220000, 0x00000000f823ecd0, 0x00000000f8260000)
  to   space 256K,   0% used [0x00000000f8260000, 0x00000000f8260000, 0x00000000f82a0000)
 tenured generation   total 5504K, used 3144K [0x00000000faaa0000, 0x00000000fb000000, 0x0000000100000000)
   the space 5504K,  57% used [0x00000000faaa0000, 0x00000000fadb2220, 0x00000000fadb2400, 0x00000000fb000000)
 Metaspace       used 7462K, capacity 7847K, committed 7936K, reserved 1056768K
  class space    used 789K, capacity 993K, committed 1024K, reserved 1048576K
}

Deoptimization events (4 events):
Event: 0.199 Thread 0x00007f50bc015800 Uncommon trap: trap_request=0xffffff4d fr.pc=0x00007f50abdb8260 relative=0x00000000000001c0
Event: 0.199 Thread 0x00007f50bc015800 Uncommon trap: reason=unstable_if action=reinterpret pc=0x00007f50abdb8260 method=java.lang.String.hashCode()I @ 14 c2
Event: 0.199 Thread 0x00007f50bc015800 DEOPT PACKING pc=0x00007f50abdb8260 sp=0x00007f50c398d1b0
Event: 0.199 Thread 0x00007f50bc015800 DEOPT UNPACKING pc=0x00007f50a43153a5 sp=0x00007f50c398d168 mode 2

Classes redefined (0 events):
No events

Internal exceptions (20 events):
Event: 0.385 Thread 0x00007f50bc015800 Exception <a 'java/lang/ClassNotFoundException'{0x00000000f80f2128}: sun/awt/resources/spi/awtProvider> (0x00000000f80f2128) thrown at [./src/hotspot/share/classfile/systemDictionary.cpp, line 231]
Event: 0.592 Thread 0x00007f50bc015800 Exception <a 'java/io/FileNotFoundException'{0x00000000f8194ed0}> (0x00000000f8194ed0) thrown at [./src/hotspot/share/prims/jni.cpp, line 615]
Event: 0.706 Thread 0x00007f50bc015800 Exception <a 'java/lang/NoSuchMethodError'{0x00000000f81f0ef8}: 'java.lang.Object java.lang.invoke.DirectMethodHandle$Holder.invokeStatic(java.lang.Object, java.lang.Object, java.lang.Object, java.lang.Object, java.lang.Object, java.lang.Object, java.lang.Object, java.lang.Object, java.lang.Object, java.lang.Object, java.lang.Object, java.lang.Object, java.lang.Object, java.lang.Object, java.lang.Object)'> (0x00000000f81f0ef8) thrown at [./src/hotspot/share/interpreter/linkResolver.cpp, line 773]
Event: 0.786 Thread 0x00007f50bc015800 Exception <a 'java/lang/NoSuchMethodError'{0x00000000f81ff318}: 'java.lang.Object java.lang.invoke.DirectMethodHandle$Holder.invokeStatic(java.lang.Object, java.lang.Object, java.lang.Object, java.lang.Object, java.lang.Object, java.lang.Object, java.lang.Object, java.lang.Object, java.lang.Object, java.lang.Object, java.lang.Object, java.lang.Object, java.lang.Object, java.lang.Object, java.lang.Object, java.lang.Object)'> (0x00000000f81ff318) thrown at [./src/hotspot/share/interpreter/linkResolver.cpp, l
Event: 0.789 Thread 0x00007f50bc015800 Exception <a 'java/lang/NoSuchMethodError'{0x00000000f820d1e8}: 'java.lang.Object java.lang.invoke.DirectMethodHandle$Holder.invokeSpecial(java.lang.Object, java.lang.Object, int, int, java.lang.Object, java.lang.Object, java.lang.Object)'> (0x00000000f820d1e8) thrown at [./src/hotspot/share/interpreter/linkResolver.cpp, line 773]
Event: 0.789 Thread 0x00007f50bc015800 Exception <a 'java/lang/NoSuchMethodError'{0x00000000f8210778}: 'java.lang.Object java.lang.invoke.DelegatingMethodHandle$Holder.reinvoke_L(java.lang.Object, int, int, java.lang.Object, java.lang.Object, java.lang.Object)'> (0x00000000f8210778) thrown at [./src/hotspot/share/interpreter/linkResolver.cpp, line 773]
Event: 0.791 Thread 0x00007f50bc015800 Exception <a 'java/lang/NoSuchMethodError'{0x00000000f8214ab8}: 'java.lang.Object java.lang.invoke.DirectMethodHandle$Holder.invokeStatic(java.lang.Object, java.lang.Object, java.lang.Object, java.lang.Object, int)'> (0x00000000f8214ab8) thrown at [./src/hotspot/share/interpreter/linkResolver.cpp, line 773]
Event: 7.149 Thread 0x00007f50bc015800 Exception <a 'java/lang/NoSuchMethodError'{0x00000000f817f200}: 'java.lang.Object java.lang.invoke.DirectMethodHandle$Holder.invokeStatic(java.lang.Object, java.lang.Object, java.lang.Object, java.lang.Object, java.lang.Object, java.lang.Object, java.lang.Object, java.lang.Object, int)'> (0x00000000f817f200) thrown at [./src/hotspot/share/interpreter/linkResolver.cpp, line 773]
Event: 7.153 Thread 0x00007f50bc015800 Exception <a 'java/lang/NoSuchMethodError'{0x00000000f8199600}: 'java.lang.Object java.lang.invoke.DirectMethodHandle$Holder.invokeStatic(java.lang.Object, java.lang.Object, java.lang.Object, java.lang.Object, java.lang.Object, java.lang.Object, java.lang.Object, java.lang.Object, int, int)'> (0x00000000f8199600) thrown at [./src/hotspot/share/interpreter/linkResolver.cpp, line 773]
Event: 7.186 Thread 0x00007f50bc015800 Exception <a 'java/lang/NoSuchMethodError'{0x00000000f81a5c48}: 'void java.lang.invoke.DirectMethodHandle$Holder.invokeSpecial(java.lang.Object, java.lang.Object)'> (0x00000000f81a5c48) thrown at [./src/hotspot/share/interpreter/linkResolver.cpp, line 773]
Event: 7.585 Thread 0x00007f50bc015800 Exception <a 'java/lang/NoSuchMethodError'{0x00000000f805cea8}: 'java.lang.Object java.lang.invoke.DirectMethodHandle$Holder.invokeStatic(java.lang.Object, int, java.lang.Object, java.lang.Object, java.lang.Object, java.lang.Object)'> (0x00000000f805cea8) thrown at [./src/hotspot/share/interpreter/linkResolver.cpp, line 773]
Event: 7.589 Thread 0x00007f50bc015800 Exception <a 'java/lang/NoSuchMethodError'{0x00000000f8064248}: 'java.lang.Object java.lang.invoke.DirectMethodHandle$Holder.invokeStatic(java.lang.Object, int, java.lang.Object, java.lang.Object, java.lang.Object)'> (0x00000000f8064248) thrown at [./src/hotspot/share/interpreter/linkResolver.cpp, line 773]
Event: 7.595 Thread 0x00007f50bc015800 Exception <a 'java/lang/NoSuchMethodError'{0x00000000f8067d90}: 'java.lang.Object java.lang.invoke.DirectMethodHandle$Holder.invokeSpecial(java.lang.Object, java.lang.Object, int, java.lang.Object, java.lang.Object, java.lang.Object)'> (0x00000000f8067d90) thrown at [./src/hotspot/share/interpreter/linkResolver.cpp, line 773]
Event: 7.605 Thread 0x00007f50bc015800 Exception <a 'java/lang/NoSuchMethodError'{0x00000000f807ff60}: 'java.lang.Object java.lang.invoke.DirectMethodHandle$Holder.invokeStatic(java.lang.Object, int, java.lang.Object)'> (0x00000000f807ff60) thrown at [./src/hotspot/share/interpreter/linkResolver.cpp, line 773]
Event: 7.902 Thread 0x00007f50bc015800 Exception <a 'java/lang/NoSuchMethodError'{0x00000000f8177738}: 'java.lang.Object java.lang.invoke.Invokers$Holder.linkToTargetMethod(java.lang.Object, int, java.lang.Object)'> (0x00000000f8177738) thrown at [./src/hotspot/share/interpreter/linkResolver.cpp, line 773]
Event: 7.907 Thread 0x00007f50bc015800 Exception <a 'java/lang/ClassNotFoundException'{0x00000000f817fa90}: com/sun/swing/internal/plaf/metal/resources/spi/metalProvider> (0x00000000f817fa90) thrown at [./src/hotspot/share/classfile/systemDictionary.cpp, line 231]
Event: 7.983 Thread 0x00007f50bc015800 Exception <a 'java/lang/ClassNotFoundException'{0x00000000f8183d00}: com/sun/swing/internal/plaf/basic/resources/spi/basicProvider> (0x00000000f8183d00) thrown at [./src/hotspot/share/classfile/systemDictionary.cpp, line 231]
Event: 8.186 Thread 0x00007f50bc015800 Exception <a 'java/lang/NoSuchMethodError'{0x00000000f8131f38}: 'void java.lang.invoke.DirectMethodHandle$Holder.invokeStaticInit(java.lang.Object)'> (0x00000000f8131f38) thrown at [./src/hotspot/share/interpreter/linkResolver.cpp, line 773]
Event: 8.199 Thread 0x00007f50bc015800 Exception <a 'java/lang/NoSuchMethodError'{0x00000000f8171068}: 'java.lang.Object java.lang.invoke.DirectMethodHandle$Holder.invokeStatic(java.lang.Object, java.lang.Object, java.lang.Object, java.lang.Object, java.lang.Object, java.lang.Object, java.lang.Object, java.lang.Object, java.lang.Object, java.lang.Object, java.lang.Object, java.lang.Object, java.lang.Object, int)'> (0x00000000f8171068) thrown at [./src/hotspot/share/interpreter/linkResolver.cpp, line 773]
Event: 8.204 Thread 0x00007f50bc015800 Exception <a 'java/lang/NoSuchMethodError'{0x00000000f817dcb8}: 'java.lang.Object java.lang.invoke.DirectMethodHandle$Holder.invokeStatic(java.lang.Object, java.lang.Object, java.lang.Object, java.lang.Object, java.lang.Object, java.lang.Object, java.lang.Object, java.lang.Object, java.lang.Object, java.lang.Object, java.lang.Object, java.lang.Object, java.lang.Object, int, int)'> (0x00000000f817dcb8) thrown at [./src/hotspot/share/interpreter/linkResolver.cpp, line 773]

Events (20 events):
Event: 40.018 loading class sun/awt/ModalExclude
Event: 40.018 loading class sun/awt/ModalExclude done
Event: 40.018 loading class javax/swing/JWindow
Event: 40.019 loading class javax/swing/JWindow done
